# JRE version: OpenJDK Runtime Environment (8.0_202-b03) (build 1.8.0_202-release-1483-b03)
# Java VM: OpenJDK 64-Bit Server VM (25.202-b03 mixed mode windows-amd64 compressed oops)
Heap:
 PSYoungGen      total 363520K, used 67154K [0x00000000e0000000, 0x00000000fb900000, 0x0000000100000000)
  eden space 291328K, 5% used [0x00000000e0000000,0x00000000e0ea61f8,0x00000000f1c80000)
  from space 72192K, 72% used [0x00000000f6580000,0x00000000f986e7b0,0x00000000fac00000)
  to   space 74752K, 0% used [0x00000000f1c80000,0x00000000f1c80000,0x00000000f6580000)
 ParOldGen       total 204800K, used 39230K [0x00000000a0000000, 0x00000000ac800000, 0x00000000e0000000)
  object space 204800K, 19% used [0x00000000a0000000,0x00000000a264f9a8,0x00000000ac800000)
 Metaspace       used 131761K, capacity 139012K, committed 139204K, reserved 1171456K
  class space    used 16730K, capacity 18042K, committed 18164K, reserved 1048576K
GC Heap History (10 events):
Event: 13790.662 GC heap before
{Heap before GC invocations=34 (full 4):
 PSYoungGen      total 269312K, used 249088K [0x00000000e0000000, 0x00000000f4e80000, 0x0000000100000000)
  eden space 213504K, 100% used [0x00000000e0000000,0x00000000ed080000,0x00000000ed080000)
  from space 55808K, 63% used [0x00000000ed080000,0x00000000ef3402d8,0x00000000f0700000)
  to   space 56320K, 0% used [0x00000000f1780000,0x00000000f1780000,0x00000000f4e80000)
 ParOldGen       total 204800K, used 39190K [0x00000000a0000000, 0x00000000ac800000, 0x00000000e0000000)
  object space 204800K, 19% used [0x00000000a0000000,0x00000000a26459a8,0x00000000ac800000)
 Metaspace       used 126089K, capacity 132396K, committed 132676K, reserved 1165312K
  class space    used 15966K, capacity 17152K, committed 17268K, reserved 1048576K
Event: 13790.899 GC heap after
Heap after GC invocations=34 (full 4):
 PSYoungGen      total 281600K, used 48844K [0x00000000e0000000, 0x00000000f6280000, 0x0000000100000000)
  eden space 225280K, 0% used [0x00000000e0000000,0x00000000e0000000,0x00000000edc00000)
  from space 56320K, 86% used [0x00000000f1780000,0x00000000f4733108,0x00000000f4e80000)
  to   space 60928K, 0% used [0x00000000edc00000,0x00000000edc00000,0x00000000f1780000)
 ParOldGen       total 204800K, used 39198K [0x00000000a0000000, 0x00000000ac800000, 0x00000000e0000000)
  object space 204800K, 19% used [0x00000000a0000000,0x00000000a26479a8,0x00000000ac800000)
 Metaspace       used 126089K, capacity 132396K, committed 132676K, reserved 1165312K
  class space    used 15966K, capacity 17152K, committed 17268K, reserved 1048576K
}
Event: 13793.762 GC heap before
{Heap before GC invocations=35 (full 4):
 PSYoungGen      total 281600K, used 274124K [0x00000000e0000000, 0x00000000f6280000, 0x0000000100000000)
  eden space 225280K, 100% used [0x00000000e0000000,0x00000000edc00000,0x00000000edc00000)
  from space 56320K, 86% used [0x00000000f1780000,0x00000000f4733108,0x00000000f4e80000)
  to   space 60928K, 0% used [0x00000000edc00000,0x00000000edc00000,0x00000000f1780000)
 ParOldGen       total 204800K, used 39198K [0x00000000a0000000, 0x00000000ac800000, 0x00000000e0000000)
  object space 204800K, 19% used [0x00000000a0000000,0x00000000a26479a8,0x00000000ac800000)
 Metaspace       used 130906K, capacity 138000K, committed 138052K, reserved 1169408K
  class space    used 16687K, capacity 17998K, committed 18036K, reserved 1048576K
Event: 13793.831 GC heap after
Heap after GC invocations=35 (full 4):
 PSYoungGen      total 286208K, used 45672K [0x00000000e0000000, 0x00000000f7680000, 0x0000000100000000)
  eden space 225280K, 0% used [0x00000000e0000000,0x00000000e0000000,0x00000000edc00000)
  from space 60928K, 74% used [0x00000000edc00000,0x00000000f089a328,0x00000000f1780000)
  to   space 64000K, 0% used [0x00000000f3800000,0x00000000f3800000,0x00000000f7680000)
 ParOldGen       total 204800K, used 39206K [0x00000000a0000000, 0x00000000ac800000, 0x00000000e0000000)
  object space 204800K, 19% used [0x00000000a0000000,0x00000000a26499a8,0x00000000ac800000)
 Metaspace       used 130906K, capacity 138000K, committed 138052K, reserved 1169408K
  class space    used 16687K, capacity 17998K, committed 18036K, reserved 1048576K
}
Event: 13795.355 GC heap before
{Heap before GC invocations=36 (full 4):
 PSYoungGen      total 286208K, used 270952K [0x00000000e0000000, 0x00000000f7680000, 0x0000000100000000)
  eden space 225280K, 100% used [0x00000000e0000000,0x00000000edc00000,0x00000000edc00000)
  from space 60928K, 74% used [0x00000000edc00000,0x00000000f089a328,0x00000000f1780000)
  to   space 64000K, 0% used [0x00000000f3800000,0x00000000f3800000,0x00000000f7680000)
 ParOldGen       total 204800K, used 39206K [0x00000000a0000000, 0x00000000ac800000, 0x00000000e0000000)
  object space 204800K, 19% used [0x00000000a0000000,0x00000000a26499a8,0x00000000ac800000)
 Metaspace       used 131108K, capacity 138240K, committed 138308K, reserved 1169408K
  class space    used 16706K, capacity 18004K, committed 18036K, reserved 1048576K
Event: 13795.406 GC heap after
Heap after GC invocations=36 (full 4):
 PSYoungGen      total 314880K, used 52496K [0x00000000e0000000, 0x00000000f8180000, 0x0000000100000000)
  eden space 250880K, 0% used [0x00000000e0000000,0x00000000e0000000,0x00000000ef500000)
  from space 64000K, 82% used [0x00000000f3800000,0x00000000f6b442f0,0x00000000f7680000)
  to   space 68608K, 0% used [0x00000000ef500000,0x00000000ef500000,0x00000000f3800000)
 ParOldGen       total 204800K, used 39214K [0x00000000a0000000, 0x00000000ac800000, 0x00000000e0000000)
  object space 204800K, 19% used [0x00000000a0000000,0x00000000a264b9a8,0x00000000ac800000)
 Metaspace       used 131108K, capacity 138240K, committed 138308K, reserved 1169408K
  class space    used 16706K, capacity 18004K, committed 18036K, reserved 1048576K
}
Event: 13796.188 GC heap before
{Heap before GC invocations=37 (full 4):
 PSYoungGen      total 314880K, used 303376K [0x00000000e0000000, 0x00000000f8180000, 0x0000000100000000)
  eden space 250880K, 100% used [0x00000000e0000000,0x00000000ef500000,0x00000000ef500000)
  from space 64000K, 82% used [0x00000000f3800000,0x00000000f6b442f0,0x00000000f7680000)
  to   space 68608K, 0% used [0x00000000ef500000,0x00000000ef500000,0x00000000f3800000)
 ParOldGen       total 204800K, used 39214K [0x00000000a0000000, 0x00000000ac800000, 0x00000000e0000000)
  object space 204800K, 19% used [0x00000000a0000000,0x00000000a264b9a8,0x00000000ac800000)
 Metaspace       used 131589K, capacity 138790K, committed 138948K, reserved 1169408K
  class space    used 16729K, capacity 18041K, committed 18164K, reserved 1048576K
Event: 13796.320 GC heap after
Heap after GC invocations=37 (full 4):
 PSYoungGen      total 319488K, used 52297K [0x00000000e0000000, 0x00000000fac00000, 0x0000000100000000)
  eden space 250880K, 0% used [0x00000000e0000000,0x00000000e0000000,0x00000000ef500000)
  from space 68608K, 76% used [0x00000000ef500000,0x00000000f2812568,0x00000000f3800000)
  to   space 72192K, 0% used [0x00000000f6580000,0x00000000f6580000,0x00000000fac00000)
 ParOldGen       total 204800K, used 39222K [0x00000000a0000000, 0x00000000ac800000, 0x00000000e0000000)
  object space 204800K, 19% used [0x00000000a0000000,0x00000000a264d9a8,0x00000000ac800000)
 Metaspace       used 131589K, capacity 138790K, committed 138948K, reserved 1169408K
  class space    used 16729K, capacity 18041K, committed 18164K, reserved 1048576K
}
Event: 13796.883 GC heap before
{Heap before GC invocations=38 (full 4):
 PSYoungGen      total 319488K, used 303177K [0x00000000e0000000, 0x00000000fac00000, 0x0000000100000000)
  eden space 250880K, 100% used [0x00000000e0000000,0x00000000ef500000,0x00000000ef500000)
  from space 68608K, 76% used [0x00000000ef500000,0x00000000f2812568,0x00000000f3800000)
  to   space 72192K, 0% used [0x00000000f6580000,0x00000000f6580000,0x00000000fac00000)
 ParOldGen       total 204800K, used 39222K [0x00000000a0000000, 0x00000000ac800000, 0x00000000e0000000)
  object space 204800K, 19% used [0x00000000a0000000,0x00000000a264d9a8,0x00000000ac800000)
 Metaspace       used 131761K, capacity 139012K, committed 139204K, reserved 1171456K
  class space    used 16730K, capacity 18042K, committed 18164K, reserved 1048576K
Event: 13797.120 GC heap after
Heap after GC invocations=38 (full 4):
 PSYoungGen      total 363520K, used 52153K [0x00000000e0000000, 0x00000000fb900000, 0x0000000100000000)
  eden space 291328K, 0% used [0x00000000e0000000,0x00000000e0000000,0x00000000f1c80000)
  from space 72192K, 72% used [0x00000000f6580000,0x00000000f986e7b0,0x00000000fac00000)
  to   space 74752K, 0% used [0x00000000f1c80000,0x00000000f1c80000,0x00000000f6580000)
 ParOldGen       total 204800K, used 39230K [0x00000000a0000000, 0x00000000ac800000, 0x00000000e0000000)
  object space 204800K, 19% used [0x00000000a0000000,0x00000000a264f9a8,0x00000000ac800000)
 Metaspace       used 131761K, capacity 139012K, committed 139204K, reserved 1171456K
  class space    used 16730K, capacity 18042K, committed 18164K, reserved 1048576K
}

